<?xml version="1.0" encoding="UTF-8"?>
<testsuite name="MainTest" tests="1" skipped="0" failures="0" errors="0" timestamp="2017-04-12T19:25:10" hostname="ginger.local" time="0.002">
  <properties/>
  <testcase name="aTest" classname="MainTest" time="0.002"/>
  <system-out><![CDATA[Hello World
]]></system-out>
  <system-err><![CDATA[]]></system-err>
</testsuite>
